<?xml version="1.0" encoding="UTF-8"?>
<!-- Generated by org.testng.reporters.JUnitXMLReporter -->
<testsuite hostname="MBA.local" ignored="0" name="Default test" tests="4" failures="0" timestamp="16 Apr 2018 04:13:09 GMT" time="0.088" errors="0">
  <testcase name="LogIn" time="0.015" classname="annotationExamples.Registration"/>
  <testcase name="LogOut" time="0.001" classname="annotationExamples.Registration"/>
  <testcase name="Regi" time="0.001" classname="annotationExamples.Registration"/>
  <testcase name="SetUp" time="0.002" classname="annotationExamples.Registration"/>
</testsuite> <!-- Default test -->
