<?xml version="1.0" encoding="UTF-8"?>
<testng-results skipped="0" failed="0" ignored="0" total="1" passed="1">
  <reporter-output>
  </reporter-output>
  <suite name="Default suite" duration-ms="13946" started-at="2018-04-11T03:53:09Z" finished-at="2018-04-11T03:53:23Z">
    <groups>
    </groups>
    <test name="Default test" duration-ms="13946" started-at="2018-04-11T03:53:09Z" finished-at="2018-04-11T03:53:23Z">
      <class name="util.MyTest">
        <test-method status="PASS" signature="setUp()[pri:0, instance:util.MyTest@965684]" name="setUp" is-config="true" duration-ms="34670" started-at="2018-04-11T03:52:35Z" finished-at="2018-04-11T03:53:09Z">
          <reporter-output>
          </reporter-output>
        </test-method> <!-- setUp -->
        <test-method status="PASS" signature="testPageObject()[pri:0, instance:util.MyTest@965684]" name="testPageObject" duration-ms="13871" started-at="2018-04-11T03:53:09Z" finished-at="2018-04-11T03:53:23Z">
          <reporter-output>
          </reporter-output>
        </test-method> <!-- testPageObject -->
        <test-method status="PASS" signature="tearDown()[pri:0, instance:util.MyTest@965684]" name="tearDown" is-config="true" duration-ms="756" started-at="2018-04-11T03:53:24Z" finished-at="2018-04-11T03:53:24Z">
          <reporter-output>
          </reporter-output>
        </test-method> <!-- tearDown -->
      </class> <!-- util.MyTest -->
    </test> <!-- Default test -->
  </suite> <!-- Default suite -->
</testng-results>
